selector
get
selection
to
string
length
target
selector
create
annotation
get
selectors
of
selected
text
content

selector
annotations
selector
highlightable
target
highlight
annotations
un
hidden
annotations
classifying
annotation
color
based
codebook
color
annotated
code
body
with
classifying
purpose
annotation
get
body
for
purpose
classifying
body
with
classifying
purpose
code
or
theme
codebook
manager
codebook
reader
codebook
get
code
or
theme
from
id
body
with
classifying
purpose
value
code
or
theme
color
code
or
theme
color

color
utils
color
utils
color
color
utils
get
default
color


color
utils
color
utils
color
color
utils
get
default
color


annotation
color
used
grey
color
utils
color
utils
color
color
utils
get
default
color
update
delete
create
context
menu
highlighted
elements
create
context
menu
for
annotation
annotation
commenting
items
comment
name
comment
replying
reply
annotation
has
replies
annotation
reply
annotations
items
reply
name
reply

commenting
items
comment
name
comment

commenting
items
comment
name
comment
replying
items
reply
name
reply
replying
reply
update
last
reply
exists
otherwise
create
reply
replies
reply
annotation
get
replies
annotation
reply
annotations
last
reply
check
current
user
annotation
last
reply
last
replies
last
reply
last
reply
creator
group
selector
get
creator
data
annotation
updated
reply
reply
data
reply
annotation
create
replies
data
annotation
reply
annotations
replies
html
reply
data
html
text
commenting
form
show
commenting
form
last
reply
reply
annotation

show
alerts
error
alert
text
unexpected
updating
reply
please
reload
webpage
message

language
utils
dispatch
custom
event
events
update
annotation
annotation
reply
annotation


replies
html

annotation
created
replies
previous
create
target
reply
annotation
target
source
annotation
target
source
reply
annotation
annotation
target
target
references
annotation
reply
data
reply
annotation
create
replies
data
annotation
reply
annotations
replies
html
reply
data
html
text
commenting
form
show
commenting
form
reply
annotation
reply
annotation

show
alerts
error
alert
text
unexpected
updating
reply
please
reload
webpage
message

language
utils
dispatch
custom
event
events
create
annotation
purpose
replying
replying
annotation
reply
annotation
replied
annotation
annotation


replies
html

commenting
comment
open
commenting
form
commenting
form
show
commenting
form
annotation
annotation

alerts
error
alert
text
unexpected
commenting
please
reload
webpage
message

language
utils
dispatch
custom
event
events
update
annotation
annotation
annotation




