categorize
pre
confirm
data
categorize
data
query
selector
categorize
dropdown
value
categorize
select
create
element
select
select
categorize
dropdown
option
create
element
option
option
option
text
option
value
select
option
config
assessment
categories
for
each
category
option
create
element
option
option
text
category
name
option
value
category
name
select
option

html
select
outer
html
categorize
annotation
previous
category
assessing
body
annotation
get
body
for
purpose
assessing
purpose
change
value
previously
selected
assessing
body
query
selector
categorize
dropdown
value
assessing
body
value

categorize
assessing
body
annotations
get
body
for
purpose
assessing
purpose
level
assessing
body
level
assessing
body
value

categorize
level
