sentiment
analysis
axios
axios

sentiment
analysis
pre
confirm
data
comment
pre
confirm
data
comment
commenting
form
is
offensive
pre
confirm
data
comment
is
offensive
is
offensive
comment
negative
offensive
alerts
confirm
alert
text
message
ofensive
please
modify
show
cancel
button
cancel
button
text
modify
comment
confirm
button
text
save
reverse
buttons

cancel
callback
show
form
pre
confirm
data





sentiment
analysis

giving
text
check
negative
param
text
returns
promise

async
is
offensive
text
settings
method
post
headers
content
type
application
form
urlencoded

http
text
processing
sentiment
stringify
text
text

axios
settings
response
response
response
label
response
probability



