suggested
literature
suggesting
literature
suggesting
literature
components
jqueryui
suggested
literature
pre
confirm
data
literature
array
literature
list
span
attr
title
suggested
literature
suggested
literature
html
annotation
lit
body
annotation
get
body
for
purpose
suggesting
literature
purpose
lit
body
is
array
lit
body
value
lit
body
value
html
for
each
paper
html
remove
reference
span
title
paper
paper
span

html




html
input
placeholder
suggest
literature
dblp
swal
input1
swal2
input
literature
list
suggested
literature
html
annotation
suggested
literature
option
suggested
literature
comment
remove
reference
click
closest
remove

autocomplete
suggested
literatures
swal
input1
autocomplete
source
request
response
ajax
http
dblp
search
publ

request
term
format
json


success
response
result
hits
label
info
title
info
year
value
info
title
info
year
info
info



min
length
delay
select
content
item
info
authors
array
is
array
item
info
authors
author
is
object
item
info
authors
author
content
item
info
authors
author
text
join

content
item
info
authors
author
join

item
info
authors
content
item
info
authors
author

item
info
title
content
item
info
title

item
info
year
content
item
info
year

create
element
class
name
remove
reference
add
event
listener
click
target
closest
remove

create
element
append
span
title
content
content
span
literature
list
append
set
timeout
swal
input1


append
to
swal2
container
create
autocomplete
width
swal2
textarea
width


suggested
literature
lit
body
annotation
get
body
for
purpose
suggesting
literature
purpose
lit
body
lit
body
value
pre
confirm
data
literature

annotation
body
push
suggesting
literature
value
pre
confirm
data
literature

endcon
dimport
body
body

suggesting
literature
body
purpose
suggesting
literature
purpose
value
purpose
value
value


populate
value
populate
value


serialize
serialize


tooltip
suggested
literature
value
join



suggesting
literature
purpose
suggesting
literature

suggesting
literature
suggesting
literature
suggested
literature
suggesting
literature
purposes
suggesting
literature
suggested
literature
suggested
literature
suggested
literature
body
purpose
suggesting
literature
purpose
suggesting
literature
value
body
value

suggested
literature
suggesting
literature
annotation
management
purposes
suggesting
literature
suggested
literature
body
annotations
get
body
for
purpose
suggesting
literature
purpose
suggested
literature
suggested
literature
body
suggested
literature
body
value
suggested
literature
suggested
literature
