body
body

commenting
body
purpose
commenting
purpose
value
purpose
value
value


populate
text
populate
text


serialize
serialize


tooltip
comment
value



commenting
purpose
commenting

commenting
commenting
commenting
commenting
commenting
commenting
reply
comment
body
reply
body
find
body
body
purpose
commenting
text
comment
comment
reply
comment
body
text
comment
reply
comment
body
value

html
text
span
text
span
class
name
text
comment
span
commenting
commenting
form
purposes
commenting
form
alerts
alerts
commenting
items
comment
name
comment
commenting
comment
open
commenting
form
commenting
form
show
commenting
form
annotation
annotation

alerts
error
alert
text
unexpected
commenting
please
reload
webpage
message

language
utils
dispatch
custom
event
events
update
annotation
annotation
annotation



commenting
commenting
purposes
commenting
commenting
hypothes
supports
comments
stored
body
text
commenting
body
get
body
for
purpose
commenting
purpose
commenting
body
text
commenting
body
value

commenting
body
purpose
commenting
purpose
commenting
value
body
value


